<?xml version="1.0" encoding="UTF-8"?>
<robot generator="Robot 7.1.1 (Python 3.13.0 on win32)" generated="2025-06-25T19:02:51.231624" rpa="false" schemaversion="5">
<suite id="s1" name="Serve-Rest-Front" source="C:\Users\nbrasil\OneDrive - COGNYTE\Documents\robot_playwright\robot_project\tests\serve-rest-front.robot">
<test id="s1-t1" name="Login com sucesso Serve Rest front" line="6">
<kw name="Abrir o navegador" owner="serve-rest-front">
<kw name="New Browser" owner="Browser">
<msg time="2025-06-25T19:02:51.794871" level="INFO">{"browser": "chromium", "headless": false, "chromiumSandbox": false, "devtools": false, "handleSIGHUP": true, "handleSIGINT": true, "handleSIGTERM": true, "slowMo": 0.0, "timeout": 30000.0, "tracesDir": "C:\\Users\\nbrasil\\OneDrive - COGNYTE\\Documents\\robot_playwright\\robot_project\\tests\\browser\\traces\\temp\\f988389f-5929-41ad-8b38-efe11834c6e2"}</msg>
<msg time="2025-06-25T19:02:52.182115" level="INFO">Starting Browser process C:\Users\nbrasil\AppData\Local\Programs\Python\Python313\Lib\site-packages\Browser\wrapper\index.js using at 127.0.0.1:60264</msg>
<msg time="2025-06-25T19:02:54.000952" level="INFO">Successfully created browser with options: {"browser":"chromium","headless":false,"chromiumSandbox":false,"devtools":false,"handleSIGHUP":true,"handleSIGINT":true,"handleSIGTERM":true,"slowMo":0,"timeout":30000,"tracesDir":"C:\\Users\\nbrasil\\OneDrive - COGNYTE\\Documents\\robot_playwright\\robot_project\\tests\\browser\\traces\\temp\\f988389f-5929-41ad-8b38-efe11834c6e2"}</msg>
<arg>${BROWSER}</arg>
<arg>${HEADLESS}</arg>
<tag>BrowserControl</tag>
<tag>Setter</tag>
<doc>Create a new playwright Browser with specified options.</doc>
<status status="PASS" start="2025-06-25T19:02:51.794320" elapsed="2.206892"/>
</kw>
<kw name="New Context" owner="Browser">
<msg time="2025-06-25T19:02:54.004110" level="INFO">{
  "acceptDownloads": true,
  "bypassCSP": false,
  "forcedColors": "none",
  "ignoreHTTPSErrors": false,
  "javaScriptEnabled": true,
  "offline": false,
  "reducedMotion": "no-preference",
  "serviceWorkers": "allow",
  "viewport": {
    "width": 1200,
    "height": 800
  }
}</msg>
<msg time="2025-06-25T19:02:54.044428" level="INFO">Successfully created context. </msg>
<msg time="2025-06-25T19:02:54.044543" level="INFO">{'acceptDownloads': True, 'bypassCSP': False, 'forcedColors': 'none', 'ignoreHTTPSErrors': False, 'javaScriptEnabled': True, 'offline': False, 'reducedMotion': 'no-preference', 'serviceWorkers': 'allow', 'viewport': {'width': 1200, 'height': 800}}</msg>
<arg>viewport={'width': 1200, 'height': 800}</arg>
<tag>BrowserControl</tag>
<tag>Setter</tag>
<doc>Create a new BrowserContext with specified options.</doc>
<status status="PASS" start="2025-06-25T19:02:54.001579" elapsed="0.043142"/>
</kw>
<status status="PASS" start="2025-06-25T19:02:51.793570" elapsed="2.251377"/>
</kw>
<kw name="Ir para o site" owner="serve-rest-front">
<kw name="New Page" owner="Browser">
<msg time="2025-06-25T19:02:57.204919" level="INFO">Successfully initialized new page object and opened url: https://front.serverest.dev/login</msg>
<arg>${URL_SERV_REST}</arg>
<tag>BrowserControl</tag>
<tag>Setter</tag>
<doc>Open a new Page.</doc>
<status status="PASS" start="2025-06-25T19:02:54.045995" elapsed="3.159081"/>
</kw>
<kw name="Get Title" owner="Browser">
<msg time="2025-06-25T19:02:57.214629" level="INFO">Title: 'Front - ServeRest'</msg>
<msg time="2025-06-25T19:02:57.214769" level="INFO">${TITLE} = Front - ServeRest</msg>
<var>${TITLE}</var>
<arg>==</arg>
<arg>Front - ServeRest</arg>
<tag>Assertion</tag>
<tag>Getter</tag>
<tag>PageContent</tag>
<doc>Returns the title of the current page.</doc>
<status status="PASS" start="2025-06-25T19:02:57.205231" elapsed="0.009557"/>
</kw>
<kw name="Log" owner="BuiltIn">
<msg time="2025-06-25T19:02:57.215158" level="INFO">Front - ServeRest</msg>
<arg>${TITLE}</arg>
<doc>Logs the given message with the given level.</doc>
<status status="PASS" start="2025-06-25T19:02:57.214932" elapsed="0.000262"/>
</kw>
<status status="PASS" start="2025-06-25T19:02:54.045432" elapsed="3.169826"/>
</kw>
<kw name="Preencher os dados do novo usuário e cadastrar" owner="serve-rest-front">
<kw name="Click" owner="Browser">
<msg time="2025-06-25T19:02:57.216534" level="INFO">Clicks the element 'css=a[data-testid='cadastrar']'.</msg>
<arg>css=a[data-testid='cadastrar']</arg>
<tag>PageContent</tag>
<tag>Setter</tag>
<doc>Simulates mouse click on the element found by ``selector``.</doc>
<status status="PASS" start="2025-06-25T19:02:57.215976" elapsed="0.123470"/>
</kw>
<kw name="Fill Text" owner="Browser">
<msg time="2025-06-25T19:02:57.340671" level="INFO">Fills the text 'Deyvid LOUCAUM' in the given field.</msg>
<arg>css=input[data-testid='nome']</arg>
<arg>Deyvid LOUCAUM</arg>
<tag>PageContent</tag>
<tag>Setter</tag>
<doc>Clears and fills the given ``txt`` into the text field found by ``selector``.</doc>
<status status="PASS" start="2025-06-25T19:02:57.339729" elapsed="0.020689"/>
</kw>
<kw name="Email" owner="FakerLibrary">
<msg time="2025-06-25T19:02:57.361284" level="INFO">${EMAIL} = jennifer98@example.net</msg>
<var>${EMAIL}</var>
<status status="PASS" start="2025-06-25T19:02:57.360710" elapsed="0.000613"/>
</kw>
<kw name="Set Test Variable" owner="BuiltIn">
<msg time="2025-06-25T19:02:57.361697" level="INFO">${EMAIL} = jennifer98@example.net</msg>
<arg>${EMAIL}</arg>
<doc>Makes a variable available everywhere within the scope of the current test.</doc>
<status status="PASS" start="2025-06-25T19:02:57.361475" elapsed="0.000267"/>
</kw>
<kw name="Fill Text" owner="Browser">
<msg time="2025-06-25T19:02:57.362356" level="INFO">Fills the text 'jennifer98@example.net' in the given field.</msg>
<arg>css=input[data-testid='email']</arg>
<arg>${EMAIL}</arg>
<tag>PageContent</tag>
<tag>Setter</tag>
<doc>Clears and fills the given ``txt`` into the text field found by ``selector``.</doc>
<status status="PASS" start="2025-06-25T19:02:57.361840" elapsed="0.015274"/>
</kw>
<kw name="Fill Text" owner="Browser">
<msg time="2025-06-25T19:02:57.377760" level="INFO">Fills the text 'teste123' in the given field.</msg>
<arg>css=input[data-testid='password']</arg>
<arg>teste123</arg>
<tag>PageContent</tag>
<tag>Setter</tag>
<doc>Clears and fills the given ``txt`` into the text field found by ``selector``.</doc>
<status status="PASS" start="2025-06-25T19:02:57.377291" elapsed="0.013528"/>
</kw>
<kw name="Check Checkbox" owner="Browser">
<arg>css=input[data-testid='checkbox']</arg>
<tag>PageContent</tag>
<tag>Setter</tag>
<doc>Checks the checkbox or selects radio button found by ``selector``.</doc>
<status status="PASS" start="2025-06-25T19:02:57.391010" elapsed="0.052634"/>
</kw>
<kw name="Click" owner="Browser">
<msg time="2025-06-25T19:02:57.444243" level="INFO">Clicks the element 'css=button[data-testid='cadastrar']'.</msg>
<arg>css=button[data-testid='cadastrar']</arg>
<tag>PageContent</tag>
<tag>Setter</tag>
<doc>Simulates mouse click on the element found by ``selector``.</doc>
<status status="PASS" start="2025-06-25T19:02:57.443812" elapsed="0.036324"/>
</kw>
<status status="PASS" start="2025-06-25T19:02:57.215734" elapsed="0.264512"/>
</kw>
<kw name="Conferir se o usuário foi cadastrado" owner="serve-rest-front">
<kw name="Wait For Elements State" owner="Browser">
<msg time="2025-06-25T19:03:02.429288" level="INFO">Waited for Element with selector h1 at state visible</msg>
<arg>h1</arg>
<arg>visible</arg>
<tag>PageContent</tag>
<tag>Wait</tag>
<doc>Waits for the element found by ``selector`` to satisfy state option.</doc>
<status status="PASS" start="2025-06-25T19:02:57.481209" elapsed="4.948372"/>
</kw>
<kw name="Get Element States" owner="Browser">
<msg time="2025-06-25T19:03:02.483632" level="INFO">States are: ['attached', 'visible', 'enabled', 'defocused']</msg>
<arg>css=button[data-testid='logout']</arg>
<arg>validate</arg>
<arg>value &amp; visible</arg>
<tag>Assertion</tag>
<tag>Getter</tag>
<tag>PageContent</tag>
<doc>Get the active states from the element found by ``selector``.</doc>
<status status="PASS" start="2025-06-25T19:03:02.429974" elapsed="0.053787"/>
</kw>
<status status="PASS" start="2025-06-25T19:02:57.480736" elapsed="5.003285"/>
</kw>
<kw name="Acessar a lista de usuário" owner="serve-rest-front">
<kw name="Click" owner="Browser">
<msg time="2025-06-25T19:03:02.485085" level="INFO">Clicks the element 'css=a[data-testid='listarUsuarios']'.</msg>
<arg>css=a[data-testid='listarUsuarios']</arg>
<tag>PageContent</tag>
<tag>Setter</tag>
<doc>Simulates mouse click on the element found by ``selector``.</doc>
<status status="PASS" start="2025-06-25T19:03:02.484697" elapsed="0.032573"/>
</kw>
<status status="PASS" start="2025-06-25T19:03:02.484347" elapsed="0.033243"/>
</kw>
<kw name="Validar se o usuário aparece na listagem" owner="serve-rest-front">
<kw name="Get Table Cell Element" owner="Browser">
<msg time="2025-06-25T19:03:02.531088" level="INFO">JavaScript executed successfully.</msg>
<msg time="2025-06-25T19:03:03.402358" level="INFO">Locator found successfully.</msg>
<msg time="2025-06-25T19:03:03.402671" level="INFO">${elemento} = css=table &gt;&gt; tr &gt;&gt; nth=187 &gt;&gt; &gt; * &gt;&gt; nth=0</msg>
<var>${elemento}</var>
<arg>css=table</arg>
<arg>"Nome"</arg>
<arg>"${EMAIL}"</arg>
<tag>Getter</tag>
<tag>PageContent</tag>
<doc>Returns the Web Element that has the same column index and same row index as the selected elements.</doc>
<status status="PASS" start="2025-06-25T19:03:02.518802" elapsed="0.883915"/>
</kw>
<kw name="Get Text" owner="Browser">
<msg time="2025-06-25T19:03:03.431018" level="INFO">Text: 'Deyvid LOUCAUM'</msg>
<msg time="2025-06-25T19:03:03.431154" level="INFO">${usuario_nome} = Deyvid LOUCAUM</msg>
<var>${usuario_nome}</var>
<arg>${elemento}</arg>
<arg>==</arg>
<arg>Deyvid LOUCAUM</arg>
<tag>Assertion</tag>
<tag>Getter</tag>
<tag>PageContent</tag>
<doc>Returns text attribute of the element found by ``selector``.</doc>
<status status="PASS" start="2025-06-25T19:03:03.402987" elapsed="0.028198"/>
</kw>
<kw name="Take Screenshot" owner="Browser">
<msg time="2025-06-25T19:03:05.201764" level="INFO" html="true">&lt;/td&gt;&lt;/tr&gt;&lt;tr&gt;&lt;td colspan="3"&gt;&lt;a href="browser/screenshot/robotframework-browser-screenshot-1.png" target="_blank"&gt;&lt;img src="browser/screenshot/robotframework-browser-screenshot-1.png" width="800px"/&gt;&lt;/a&gt;</msg>
<arg>fullPage=${true}</arg>
<tag>PageContent</tag>
<doc>Takes a screenshot of the current window or element and saves it to disk.</doc>
<status status="PASS" start="2025-06-25T19:03:03.431362" elapsed="1.770536"/>
</kw>
<status status="PASS" start="2025-06-25T19:03:02.518053" elapsed="2.683940"/>
</kw>
<kw name="Cadastrar novo Produto" owner="serve-rest-front">
<kw name="Click" owner="Browser">
<msg time="2025-06-25T19:03:05.203392" level="INFO">Clicks the element 'css=[data-testid='cadastrar-produtos']'.</msg>
<arg>css=[data-testid='cadastrar-produtos']</arg>
<tag>PageContent</tag>
<tag>Setter</tag>
<doc>Simulates mouse click on the element found by ``selector``.</doc>
<status status="PASS" start="2025-06-25T19:03:05.202855" elapsed="0.036219"/>
</kw>
<kw name="Word" owner="FakerLibrary">
<msg time="2025-06-25T19:03:05.239623" level="INFO">${NOME_PRODUTO} = firm</msg>
<var>${NOME_PRODUTO}</var>
<doc>Generate a word.</doc>
<status status="PASS" start="2025-06-25T19:03:05.239289" elapsed="0.000364"/>
</kw>
<kw name="Set Test Variable" owner="BuiltIn">
<msg time="2025-06-25T19:03:05.240009" level="INFO">${NOME_PRODUTO} = firm</msg>
<arg>${NOME_PRODUTO}</arg>
<doc>Makes a variable available everywhere within the scope of the current test.</doc>
<status status="PASS" start="2025-06-25T19:03:05.239785" elapsed="0.000256"/>
</kw>
<kw name="Fill Text" owner="Browser">
<msg time="2025-06-25T19:03:05.240634" level="INFO">Fills the text 'firm' in the given field.</msg>
<arg>css=input[data-testid='nome']</arg>
<arg>${NOME_PRODUTO}</arg>
<tag>PageContent</tag>
<tag>Setter</tag>
<doc>Clears and fills the given ``txt`` into the text field found by ``selector``.</doc>
<status status="PASS" start="2025-06-25T19:03:05.240131" elapsed="0.013515"/>
</kw>
<kw name="Fill Text" owner="Browser">
<msg time="2025-06-25T19:03:05.254713" level="INFO">Fills the text '10' in the given field.</msg>
<arg>css=input[data-testid='preco']</arg>
<arg>10</arg>
<tag>PageContent</tag>
<tag>Setter</tag>
<doc>Clears and fills the given ``txt`` into the text field found by ``selector``.</doc>
<status status="PASS" start="2025-06-25T19:03:05.253973" elapsed="0.015294"/>
</kw>
<kw name="Fill Text" owner="Browser">
<msg time="2025-06-25T19:03:05.270154" level="INFO">Fills the text 'Produto Teste Robot Framework' in the given field.</msg>
<arg>css=textarea[data-testid='descricao']</arg>
<arg>Produto Teste Robot Framework</arg>
<tag>PageContent</tag>
<tag>Setter</tag>
<doc>Clears and fills the given ``txt`` into the text field found by ``selector``.</doc>
<status status="PASS" start="2025-06-25T19:03:05.269545" elapsed="0.011581"/>
</kw>
<kw name="Fill Text" owner="Browser">
<msg time="2025-06-25T19:03:05.282106" level="INFO">Fills the text '5' in the given field.</msg>
<arg>css=input[data-testid='quantity']</arg>
<arg>5</arg>
<tag>PageContent</tag>
<tag>Setter</tag>
<doc>Clears and fills the given ``txt`` into the text field found by ``selector``.</doc>
<status status="PASS" start="2025-06-25T19:03:05.281441" elapsed="0.012287"/>
</kw>
<kw name="Click" owner="Browser">
<msg time="2025-06-25T19:03:05.294578" level="INFO">Clicks the element 'text="Cadastrar"'.</msg>
<arg>text="Cadastrar"</arg>
<tag>PageContent</tag>
<tag>Setter</tag>
<doc>Simulates mouse click on the element found by ``selector``.</doc>
<status status="PASS" start="2025-06-25T19:03:05.293986" elapsed="0.048659"/>
</kw>
<status status="PASS" start="2025-06-25T19:03:05.202401" elapsed="0.140416"/>
</kw>
<kw name="Conferir que o produto aparece na listagem" owner="serve-rest-front">
<kw name="Get Table Cell Element" owner="Browser">
<msg time="2025-06-25T19:03:06.171279" level="INFO">JavaScript executed successfully.</msg>
<msg time="2025-06-25T19:03:06.248931" level="INFO">Locator found successfully.</msg>
<msg time="2025-06-25T19:03:06.249144" level="INFO">${elemento} = css=table &gt;&gt; tr &gt;&gt; nth=57 &gt;&gt; &gt; * &gt;&gt; nth=2</msg>
<var>${elemento}</var>
<arg>css=table</arg>
<arg>"Descrição"</arg>
<arg>"${NOME_PRODUTO}"</arg>
<tag>Getter</tag>
<tag>PageContent</tag>
<doc>Returns the Web Element that has the same column index and same row index as the selected elements.</doc>
<status status="PASS" start="2025-06-25T19:03:05.343702" elapsed="0.905465"/>
</kw>
<kw name="Get Text" owner="Browser">
<msg time="2025-06-25T19:03:06.278770" level="INFO">Text: 'Produto Teste Robot Framework'</msg>
<msg time="2025-06-25T19:03:06.278962" level="INFO">${descricao} = Produto Teste Robot Framework</msg>
<var>${descricao}</var>
<arg>${elemento}</arg>
<arg>==</arg>
<arg>Produto Teste Robot Framework</arg>
<tag>Assertion</tag>
<tag>Getter</tag>
<tag>PageContent</tag>
<doc>Returns text attribute of the element found by ``selector``.</doc>
<status status="PASS" start="2025-06-25T19:03:06.249318" elapsed="0.029676"/>
</kw>
<kw name="Take Screenshot" owner="Browser">
<msg time="2025-06-25T19:03:07.190094" level="INFO" html="true">&lt;/td&gt;&lt;/tr&gt;&lt;tr&gt;&lt;td colspan="3"&gt;&lt;a href="browser/screenshot/robotframework-browser-screenshot-2.png" target="_blank"&gt;&lt;img src="browser/screenshot/robotframework-browser-screenshot-2.png" width="800px"/&gt;&lt;/a&gt;</msg>
<arg>fullPage=${true}</arg>
<tag>PageContent</tag>
<doc>Takes a screenshot of the current window or element and saves it to disk.</doc>
<status status="PASS" start="2025-06-25T19:03:06.279229" elapsed="0.911126"/>
</kw>
<status status="PASS" start="2025-06-25T19:03:05.343194" elapsed="1.847416"/>
</kw>
<status status="PASS" start="2025-06-25T19:02:51.792832" elapsed="15.398087"/>
</test>
<status status="PASS" start="2025-06-25T19:02:51.232943" elapsed="16.070489"/>
</suite>
<statistics>
<total>
<stat pass="1" fail="0" skip="0">All Tests</stat>
</total>
<tag>
</tag>
<suite>
<stat pass="1" fail="0" skip="0" id="s1" name="Serve-Rest-Front">Serve-Rest-Front</stat>
</suite>
</statistics>
<errors>
</errors>
</robot>
